生成启动时间为 2015/10/26 23:56:04。
     1>项目“C:\Users\xinma\Documents\GitHub\OpenGl7thEdition\OpenGL\Alpha\Alpha.vcxproj”在节点 2 上(Build 个目标)。
     1>ClCompile:
         C:\Program Files (x86)\Microsoft Visual Studio 14.0\VC\bin\CL.exe /c /Zi /nologo /W3 /WX- /sdl /O2 /Oi /Oy- /GL /D WIN32 /D NDEBUG /D _CONSOLE /D _UNICODE /D UNICODE /Gm- /EHsc /MD /GS /Gy /fp:precise /Zc:wchar_t /Zc:forScope /Zc:inline /Fo"Release\\" /Fd"Release\vc140.pdb" /Gd /TC /analyze- /errorReport:prompt alpha.c
         alpha.c
     1>alpha.c(75): warning C4305: “函数”: 从“double”到“GLfloat”截断
     1>alpha.c(76): warning C4305: “函数”: 从“double”到“GLfloat”截断
     1>alpha.c(77): warning C4305: “函数”: 从“double”到“GLfloat”截断
     1>alpha.c(80): warning C4305: “函数”: 从“double”到“GLfloat”截断
     1>alpha.c(81): warning C4305: “函数”: 从“double”到“GLfloat”截断
     1>alpha.c(82): warning C4305: “函数”: 从“double”到“GLfloat”截断
     1>alpha.c(85): warning C4305: “函数”: 从“double”到“GLfloat”截断
     1>alpha.c(86): warning C4305: “函数”: 从“double”到“GLfloat”截断
     1>alpha.c(87): warning C4305: “函数”: 从“double”到“GLfloat”截断
     1>alpha.c(99): warning C4305: “函数”: 从“double”到“GLfloat”截断
     1>alpha.c(100): warning C4305: “函数”: 从“double”到“GLfloat”截断
     1>alpha.c(101): warning C4305: “函数”: 从“double”到“GLfloat”截断
       Link:
         C:\Program Files (x86)\Microsoft Visual Studio 14.0\VC\bin\link.exe /ERRORREPORT:PROMPT /OUT:"C:\Users\xinma\Documents\GitHub\OpenGl7thEdition\OpenGL\Release\Alpha.exe" /INCREMENTAL:NO /NOLOGO /LIBPATH:C:\Users\xinma\Documents\GitHub\OpenGl7thEdition\OpenGL\GL kernel32.lib user32.lib gdi32.lib winspool.lib comdlg32.lib advapi32.lib shell32.lib ole32.lib oleaut32.lib uuid.lib odbc32.lib odbccp32.lib /MANIFEST /MANIFESTUAC:"level='asInvoker' uiAccess='false'" /manifest:embed /Debug /PDB:"C:\Users\xinma\Documents\GitHub\OpenGl7thEdition\OpenGL\Release\Alpha.pdb" /SUBSYSTEM:CONSOLE /OPT:REF /OPT:ICF /LTCG:incremental /TLBID:1 /DYNAMICBASE /NXCOMPAT /IMPLIB:"C:\Users\xinma\Documents\GitHub\OpenGl7thEdition\OpenGL\Release\Alpha.lib" /MACHINE:X86 /SAFESEH Release\alpha.obj
         正在生成代码
         1 of 9 functions (11.1%) were compiled, the rest were copied from previous compilation.
           0 functions were new in current compilation
           1 functions had inline decision re-evaluated but remain unchanged
         已完成代码的生成
         Alpha.vcxproj -> C:\Users\xinma\Documents\GitHub\OpenGl7thEdition\OpenGL\Release\Alpha.exe
     1>已完成生成项目“C:\Users\xinma\Documents\GitHub\OpenGl7thEdition\OpenGL\Alpha\Alpha.vcxproj”(Build 个目标)的操作。

已成功生成。

已用时间 00:00:01.20
