生成启动时间为 2015/10/25 0:27:42。
     1>项目“C:\Users\xinma\Documents\GitHub\OpenGl7thEdition\OpenGL\Material\Material.vcxproj”在节点 2 上(Build 个目标)。
     1>ClCompile:
         C:\Program Files (x86)\Microsoft Visual Studio 14.0\VC\bin\CL.exe /c /Zi /nologo /W3 /WX- /sdl /O2 /Oi /Oy- /GL /D WIN32 /D NDEBUG /D _CONSOLE /D _UNICODE /D UNICODE /Gm- /EHsc /MD /GS /Gy /fp:precise /Zc:wchar_t /Zc:forScope /Zc:inline /Fo"Release\\" /Fd"Release\vc140.pdb" /Gd /TC /analyze- /errorReport:prompt material.c
         material.c
     1>material.c(63): warning C4305: “函数”: 从“double”到“GLclampf”截断
     1>material.c(60): warning C4305: “初始化”: 从“double”到“GLfloat”截断
     1>material.c(95): warning C4305: “初始化”: 从“double”到“GLfloat”截断
     1>material.c(96): warning C4305: “初始化”: 从“double”到“GLfloat”截断
     1>material.c(97): warning C4305: “初始化”: 从“double”到“GLfloat”截断
     1>material.c(102): warning C4305: “初始化”: 从“double”到“GLfloat”截断
       Link:
         C:\Program Files (x86)\Microsoft Visual Studio 14.0\VC\bin\link.exe /ERRORREPORT:PROMPT /OUT:"C:\Users\xinma\Documents\GitHub\OpenGl7thEdition\OpenGL\Release\Material.exe" /INCREMENTAL:NO /NOLOGO /LIBPATH:C:\Users\xinma\Documents\GitHub\OpenGl7thEdition\OpenGL\GL kernel32.lib user32.lib gdi32.lib winspool.lib comdlg32.lib advapi32.lib shell32.lib ole32.lib oleaut32.lib uuid.lib odbc32.lib odbccp32.lib /MANIFEST /MANIFESTUAC:"level='asInvoker' uiAccess='false'" /manifest:embed /Debug /PDB:"C:\Users\xinma\Documents\GitHub\OpenGl7thEdition\OpenGL\Release\Material.pdb" /SUBSYSTEM:CONSOLE /OPT:REF /OPT:ICF /LTCG:incremental /TLBID:1 /DYNAMICBASE /NXCOMPAT /IMPLIB:"C:\Users\xinma\Documents\GitHub\OpenGl7thEdition\OpenGL\Release\Material.lib" /MACHINE:X86 /SAFESEH Release\material.obj
         正在生成代码
         1 of 7 functions (14.3%) were compiled, the rest were copied from previous compilation.
           0 functions were new in current compilation
           1 functions had inline decision re-evaluated but remain unchanged
         已完成代码的生成
         Material.vcxproj -> C:\Users\xinma\Documents\GitHub\OpenGl7thEdition\OpenGL\Release\Material.exe
     1>已完成生成项目“C:\Users\xinma\Documents\GitHub\OpenGl7thEdition\OpenGL\Material\Material.vcxproj”(Build 个目标)的操作。

已成功生成。

已用时间 00:00:01.36
