生成启动时间为 2015/10/8 21:52:36。
     1>项目“C:\Users\xinma\Documents\GitHub\OpenGl7thEdition\OpenGL\Vao\Vao.vcxproj”在节点 2 上(Build 个目标)。
     1>ClCompile:
         C:\Program Files (x86)\Microsoft Visual Studio 14.0\VC\bin\CL.exe /c /Zi /nologo /W3 /WX- /sdl /O2 /Oi /Oy- /GL /D WIN32 /D NDEBUG /D _CONSOLE /D _UNICODE /D UNICODE /Gm- /EHsc /MD /GS /Gy /fp:precise /Zc:wchar_t /Zc:forScope /Zc:inline /Fo"Release\\" /Fd"Release\vc140.pdb" /Gd /TC /analyze- /errorReport:prompt vao.c
         vao.c
     1>vao.c(96): warning C4305: “=”: 从“double”到“float”截断
     1>vao.c(100): warning C4244: “=”: 从“double”转换到“GLfloat”，可能丢失数据
     1>vao.c(101): warning C4244: “=”: 从“double”转换到“GLfloat”，可能丢失数据
     1>vao.c(103): warning C4244: “=”: 从“double”转换到“GLfloat”，可能丢失数据
     1>vao.c(104): warning C4244: “=”: 从“double”转换到“GLfloat”，可能丢失数据
     1>vao.c(182): warning C4113: “void (__cdecl *)()”和“void (__cdecl *)(void)”的参数列表不同
       Link:
         C:\Program Files (x86)\Microsoft Visual Studio 14.0\VC\bin\link.exe /ERRORREPORT:PROMPT /OUT:"C:\Users\xinma\Documents\GitHub\OpenGl7thEdition\OpenGL\Release\Vao.exe" /INCREMENTAL:NO /NOLOGO /LIBPATH:C:\Users\xinma\Documents\GitHub\OpenGl7thEdition\OpenGL\GL kernel32.lib user32.lib gdi32.lib winspool.lib comdlg32.lib advapi32.lib shell32.lib ole32.lib oleaut32.lib uuid.lib odbc32.lib odbccp32.lib /MANIFEST /MANIFESTUAC:"level='asInvoker' uiAccess='false'" /manifest:embed /Debug /PDB:"C:\Users\xinma\Documents\GitHub\OpenGl7thEdition\OpenGL\Release\Vao.pdb" /SUBSYSTEM:CONSOLE /OPT:REF /OPT:ICF /LTCG:incremental /TLBID:1 /DYNAMICBASE /NXCOMPAT /IMPLIB:"C:\Users\xinma\Documents\GitHub\OpenGl7thEdition\OpenGL\Release\Vao.lib" /MACHINE:X86 /SAFESEH Release\vao.obj
     1>LINK : warning LNK4098: 默认库“LIBCMT”与其他库的使用冲突；请使用 /NODEFAULTLIB:library
         正在生成代码
         0 of 131 functions ( 0.0%) were compiled, the rest were copied from previous compilation.
           0 functions were new in current compilation
           0 functions had inline decision re-evaluated but remain unchanged
         已完成代码的生成
     1>glew32s.lib(glew.obj) : warning LNK4099: 未找到 PDB“vc120.pdb”(使用“glew32s.lib(glew.obj)”或在“C:\Users\xinma\Documents\GitHub\OpenGl7thEdition\OpenGL\Release\vc120.pdb”中寻找)；正在链接对象，如同没有调试信息一样
         Vao.vcxproj -> C:\Users\xinma\Documents\GitHub\OpenGl7thEdition\OpenGL\Release\Vao.exe
     1>已完成生成项目“C:\Users\xinma\Documents\GitHub\OpenGl7thEdition\OpenGL\Vao\Vao.vcxproj”(Build 个目标)的操作。

已成功生成。

已用时间 00:00:02.30
